Determining if the pthread_create exist failed with the following output:
Change Dir: /data/xzjiang/GPU-study/Matrix/final-matrix/build/CMakeFiles/CMakeTmp

Run Build Command:"/usr/bin/make" "cmTC_979dd/fast"
/usr/bin/make -f CMakeFiles/cmTC_979dd.dir/build.make CMakeFiles/cmTC_979dd.dir/build
make[1]: Entering directory `/data/xzjiang/GPU-study/Matrix/final-matrix/build/CMakeFiles/CMakeTmp'
Building C object CMakeFiles/cmTC_979dd.dir/CheckSymbolExists.c.o
/usr/bin/cc    -fPIC    -o CMakeFiles/cmTC_979dd.dir/CheckSymbolExists.c.o   -c /data/xzjiang/GPU-study/Matrix/final-matrix/build/CMakeFiles/CMakeTmp/CheckSymbolExists.c
Linking C executable cmTC_979dd
/usr/local/bin/cmake -E cmake_link_script CMakeFiles/cmTC_979dd.dir/link.txt --verbose=1
/usr/bin/cc  -fPIC     CMakeFiles/cmTC_979dd.dir/CheckSymbolExists.c.o  -o cmTC_979dd -rdynamic 
CMakeFiles/cmTC_979dd.dir/CheckSymbolExists.c.o: In function `main':
CheckSymbolExists.c:(.text+0x1b): undefined reference to `pthread_create'
collect2: error: ld returned 1 exit status
make[1]: *** [cmTC_979dd] Error 1
make[1]: Leaving directory `/data/xzjiang/GPU-study/Matrix/final-matrix/build/CMakeFiles/CMakeTmp'
make: *** [cmTC_979dd/fast] Error 2

File /data/xzjiang/GPU-study/Matrix/final-matrix/build/CMakeFiles/CMakeTmp/CheckSymbolExists.c:
/* */
#include <pthread.h>

int main(int argc, char** argv)
{
  (void)argv;
#ifndef pthread_create
  return ((int*)(&pthread_create))[argc];
#else
  (void)argc;
  return 0;
#endif
}

Determining if the function pthread_create exists in the pthreads failed with the following output:
Change Dir: /data/xzjiang/GPU-study/Matrix/final-matrix/build/CMakeFiles/CMakeTmp

Run Build Command:"/usr/bin/make" "cmTC_c3c13/fast"
/usr/bin/make -f CMakeFiles/cmTC_c3c13.dir/build.make CMakeFiles/cmTC_c3c13.dir/build
make[1]: Entering directory `/data/xzjiang/GPU-study/Matrix/final-matrix/build/CMakeFiles/CMakeTmp'
Building C object CMakeFiles/cmTC_c3c13.dir/CheckFunctionExists.c.o
/usr/bin/cc    -fPIC -DCHECK_FUNCTION_EXISTS=pthread_create   -o CMakeFiles/cmTC_c3c13.dir/CheckFunctionExists.c.o   -c /usr/local/share/cmake-3.7/Modules/CheckFunctionExists.c
Linking C executable cmTC_c3c13
/usr/local/bin/cmake -E cmake_link_script CMakeFiles/cmTC_c3c13.dir/link.txt --verbose=1
/usr/bin/cc  -fPIC -DCHECK_FUNCTION_EXISTS=pthread_create    CMakeFiles/cmTC_c3c13.dir/CheckFunctionExists.c.o  -o cmTC_c3c13 -rdynamic -lpthreads 
/usr/bin/ld: cannot find -lpthreads
collect2: error: ld returned 1 exit status
make[1]: *** [cmTC_c3c13] Error 1
make[1]: Leaving directory `/data/xzjiang/GPU-study/Matrix/final-matrix/build/CMakeFiles/CMakeTmp'
make: *** [cmTC_c3c13/fast] Error 2


Determining if the pthread_create exist failed with the following output:
Change Dir: /data/xzjiang/GPU-study/N3LDG-classifier-gpu/build/CMakeFiles/CMakeTmp

Run Build Command:"/usr/bin/make" "cmTC_f9b60/fast"
/usr/bin/make -f CMakeFiles/cmTC_f9b60.dir/build.make CMakeFiles/cmTC_f9b60.dir/build
make[1]: Entering directory `/data/xzjiang/GPU-study/N3LDG-classifier-gpu/build/CMakeFiles/CMakeTmp'
Building C object CMakeFiles/cmTC_f9b60.dir/CheckSymbolExists.c.o
/usr/bin/cc    -fPIC    -o CMakeFiles/cmTC_f9b60.dir/CheckSymbolExists.c.o   -c /data/xzjiang/GPU-study/N3LDG-classifier-gpu/build/CMakeFiles/CMakeTmp/CheckSymbolExists.c
Linking C executable cmTC_f9b60
/usr/local/bin/cmake -E cmake_link_script CMakeFiles/cmTC_f9b60.dir/link.txt --verbose=1
/usr/bin/cc  -fPIC     CMakeFiles/cmTC_f9b60.dir/CheckSymbolExists.c.o  -o cmTC_f9b60 -rdynamic 
CMakeFiles/cmTC_f9b60.dir/CheckSymbolExists.c.o: In function `main':
CheckSymbolExists.c:(.text+0x1b): undefined reference to `pthread_create'
collect2: error: ld returned 1 exit status
make[1]: *** [cmTC_f9b60] Error 1
make[1]: Leaving directory `/data/xzjiang/GPU-study/N3LDG-classifier-gpu/build/CMakeFiles/CMakeTmp'
make: *** [cmTC_f9b60/fast] Error 2

File /data/xzjiang/GPU-study/N3LDG-classifier-gpu/build/CMakeFiles/CMakeTmp/CheckSymbolExists.c:
/* */
#include <pthread.h>

int main(int argc, char** argv)
{
  (void)argv;
#ifndef pthread_create
  return ((int*)(&pthread_create))[argc];
#else
  (void)argc;
  return 0;
#endif
}

Determining if the function pthread_create exists in the pthreads failed with the following output:
Change Dir: /data/xzjiang/GPU-study/N3LDG-classifier-gpu/build/CMakeFiles/CMakeTmp

Run Build Command:"/usr/bin/make" "cmTC_a39fd/fast"
/usr/bin/make -f CMakeFiles/cmTC_a39fd.dir/build.make CMakeFiles/cmTC_a39fd.dir/build
make[1]: Entering directory `/data/xzjiang/GPU-study/N3LDG-classifier-gpu/build/CMakeFiles/CMakeTmp'
Building C object CMakeFiles/cmTC_a39fd.dir/CheckFunctionExists.c.o
/usr/bin/cc    -fPIC -DCHECK_FUNCTION_EXISTS=pthread_create   -o CMakeFiles/cmTC_a39fd.dir/CheckFunctionExists.c.o   -c /usr/local/share/cmake-3.7/Modules/CheckFunctionExists.c
Linking C executable cmTC_a39fd
/usr/local/bin/cmake -E cmake_link_script CMakeFiles/cmTC_a39fd.dir/link.txt --verbose=1
/usr/bin/cc  -fPIC -DCHECK_FUNCTION_EXISTS=pthread_create    CMakeFiles/cmTC_a39fd.dir/CheckFunctionExists.c.o  -o cmTC_a39fd -rdynamic -lpthreads 
/usr/bin/ld: cannot find -lpthreads
collect2: error: ld returned 1 exit status
make[1]: *** [cmTC_a39fd] Error 1
make[1]: Leaving directory `/data/xzjiang/GPU-study/N3LDG-classifier-gpu/build/CMakeFiles/CMakeTmp'
make: *** [cmTC_a39fd/fast] Error 2


